<?xml version="1.0" encoding="UTF-8"?>
<testng-results ignored="0" total="1" passed="1" failed="0" skipped="0">
  <reporter-output>
  </reporter-output>
  <suite started-at="2022-03-28T06:15:20Z" name="Default suite" finished-at="2022-03-28T06:18:14Z" duration-ms="173934">
    <groups>
    </groups>
    <test started-at="2022-03-28T06:15:20Z" name="Default test" finished-at="2022-03-28T06:18:14Z" duration-ms="173934">
      <class name="com.loadrshuttle.LoadrEquipment">
        <test-method is-config="true" signature="setup()[pri:0, instance:com.loadrshuttle.LoadrEquipment@470734c3]" started-at="2022-03-28T06:15:20Z" name="setup" finished-at="2022-03-28T06:15:29Z" duration-ms="9055" status="PASS">
          <reporter-output>
          </reporter-output>
        </test-method> <!-- setup -->
        <test-method signature="execute()[pri:0, instance:com.loadrshuttle.LoadrEquipment@470734c3]" started-at="2022-03-28T06:15:29Z" name="execute" finished-at="2022-03-28T06:18:04Z" duration-ms="154439" status="PASS">
          <reporter-output>
          </reporter-output>
        </test-method> <!-- execute -->
        <test-method is-config="true" signature="end()[pri:0, instance:com.loadrshuttle.LoadrEquipment@470734c3]" started-at="2022-03-28T06:18:04Z" name="end" finished-at="2022-03-28T06:18:14Z" duration-ms="10417" status="PASS">
          <reporter-output>
          </reporter-output>
        </test-method> <!-- end -->
      </class> <!-- com.loadrshuttle.LoadrEquipment -->
    </test> <!-- Default test -->
  </suite> <!-- Default suite -->
</testng-results>
