<?xml version="1.0" encoding="UTF-8"?>
<testng-results ignored="0" total="1" passed="1" failed="0" skipped="0">
  <reporter-output>
  </reporter-output>
  <suite started-at="2022-03-23T09:22:50Z" name="Default suite" finished-at="2022-03-23T09:23:07Z" duration-ms="16510">
    <groups>
    </groups>
    <test started-at="2022-03-23T09:22:50Z" name="Default test" finished-at="2022-03-23T09:23:07Z" duration-ms="16510">
      <class name="testexecution.maintest">
        <test-method is-config="true" signature="setup()[pri:0, instance:testexecution.maintest@644baf4a]" started-at="2022-03-23T09:22:50Z" name="setup" finished-at="2022-03-23T09:22:58Z" duration-ms="7885" status="PASS">
          <reporter-output>
          </reporter-output>
        </test-method> <!-- setup -->
        <test-method signature="execute()[pri:0, instance:testexecution.maintest@644baf4a]" started-at="2022-03-23T09:22:58Z" name="execute" finished-at="2022-03-23T09:23:06Z" duration-ms="8383" status="PASS">
          <reporter-output>
          </reporter-output>
        </test-method> <!-- execute -->
        <test-method is-config="true" signature="exit()[pri:0, instance:testexecution.maintest@644baf4a]" started-at="2022-03-23T09:23:06Z" name="exit" finished-at="2022-03-23T09:23:07Z" duration-ms="219" status="PASS">
          <reporter-output>
          </reporter-output>
        </test-method> <!-- exit -->
      </class> <!-- testexecution.maintest -->
    </test> <!-- Default test -->
  </suite> <!-- Default suite -->
</testng-results>
